#
# There is insufficient memory for the Java Runtime Environment to continue.
# Native memory allocation (malloc) failed to allocate 1024976 bytes for Chunk::new
# Possible reasons:
#   The system is out of physical RAM or swap space
#   In 32 bit mode, the process size limit was hit
# Possible solutions:
#   Reduce memory load on the system
#   Increase physical memory or swap space
#   Check if swap backing store is full
#   Use 64 bit Java on a 64 bit OS
#   Decrease Java heap size (-Xmx/-Xms)
#   Decrease number of Java threads
#   Decrease Java thread stack sizes (-Xss)
#   Set larger code cache with -XX:ReservedCodeCacheSize=
# This output file may be truncated or incomplete.
#
#  Out of Memory Error (allocation.cpp:390), pid=2948, tid=0x0000000000002244
#
# JRE version: OpenJDK Runtime Environment (8.0_152-b01) (build 1.8.0_152-release-1248-b01)
# Java VM: OpenJDK 64-Bit Server VM (25.152-b01 mixed mode windows-amd64 compressed oops)
# Failed to write core dump. Minidumps are not enabled by default on client versions of Windows
#

---------------  T H R E A D  ---------------

Current thread (0x000000001656b000):  JavaThread "C2 CompilerThread0" daemon [_thread_in_native, id=8772, stack(0x0000000017590000,0x0000000017690000)]

Stack: [0x0000000017590000,0x0000000017690000]
[error occurred during error reporting (printing stack bounds), id 0xc0000005]

Native frames: (J=compiled Java code, j=interpreted, Vv=VM code, C=native code)


Current CompileTask:
C2: 850133 12678       4       com.sun.tools.javac.parser.JavacParser::term3 (2502 bytes)


---------------  P R O C E S S  ---------------

Java Threads: ( => current thread )
  0x000000001c1d7800 JavaThread "Cache worker for Java compile cache (D:\Arts&I\.gradle\4.10.1\javaCompile)" [_thread_blocked, id=12504, stack(0x0000000024090000,0x0000000024190000)]
  0x000000001c1d6800 JavaThread "Cache worker for Build Output Cleanup Cache (D:\Arts&I\.gradle\buildOutputCleanup)" [_thread_blocked, id=6712, stack(0x0000000023f90000,0x0000000024090000)]
  0x000000001c1d6000 JavaThread "Cache worker for task history cache (D:\Arts&I\.gradle\4.10.1\taskHistory)" [_thread_blocked, id=7548, stack(0x0000000023e90000,0x0000000023f90000)]
  0x000000001c1d4800 JavaThread "Task worker for ':'" [_thread_blocked, id=11636, stack(0x0000000023d90000,0x0000000023e90000)]
  0x000000001c1db000 JavaThread "Cache worker for file content cache (D:\Arts&I\.gradle\4.10.1\fileContent)" [_thread_blocked, id=5176, stack(0x0000000023c90000,0x0000000023d90000)]
  0x000000001c1d3800 JavaThread "Build operations Thread 2" [_thread_blocked, id=13040, stack(0x0000000023b90000,0x0000000023c90000)]
  0x000000001c1d9800 JavaThread "Build operations" [_thread_blocked, id=4132, stack(0x0000000023a90000,0x0000000023b90000)]
  0x000000001c1d8000 JavaThread "Cache worker for cache directory md-rule (C:\Users\Tshepo Koka\.gradle\caches\4.10.1\md-rule)" [_thread_blocked, id=12524, stack(0x0000000023990000,0x0000000023a90000)]
  0x000000001c1d9000 JavaThread "Cache worker for cache directory md-supplier (C:\Users\Tshepo Koka\.gradle\caches\4.10.1\md-supplier)" [_thread_blocked, id=9180, stack(0x0000000023890000,0x0000000023990000)]
  0x000000001c1d5000 JavaThread "Cache worker for file hash cache (D:\Arts&I\.gradle\4.10.1\fileHashes)" [_thread_blocked, id=6292, stack(0x0000000023790000,0x0000000023890000)]
  0x000000001c1cc000 JavaThread "Stdin handler" [_thread_blocked, id=11028, stack(0x0000000023690000,0x0000000023790000)]
  0x000000001c1d3000 JavaThread "Asynchronous log dispatcher for DefaultDaemonConnection: socket connection from /127.0.0.1:57300 to /127.0.0.1:57353" [_thread_blocked, id=9420, stack(0x0000000023590000,0x0000000023690000)]
  0x000000001c1d0800 JavaThread "Daemon worker Thread 2" [_thread_in_vm, id=12716, stack(0x0000000023490000,0x0000000023590000)]
  0x000000001c1d2000 JavaThread "Cancel handler" [_thread_blocked, id=5056, stack(0x0000000023390000,0x0000000023490000)]
  0x000000001c1cd800 JavaThread "Handler for socket connection from /127.0.0.1:57300 to /127.0.0.1:57353" [_thread_in_native, id=6280, stack(0x0000000023290000,0x0000000023390000)]
  0x000000001c1cd000 JavaThread "Daemon Thread 2" [_thread_blocked, id=3020, stack(0x0000000023190000,0x0000000023290000)]
  0x000000001c1d0000 JavaThread "pool-5-thread-2" [_thread_blocked, id=11272, stack(0x00000000220c0000,0x00000000221c0000)]
  0x000000001c1cf000 JavaThread "pool-5-thread-1" [_thread_blocked, id=8840, stack(0x00000000218c0000,0x00000000219c0000)]
  0x00000000192e8800 JavaThread "Cache worker for Java compile cache (C:\Users\Tshepo Koka\.gradle\caches\4.10.1\javaCompile)" [_thread_blocked, id=3892, stack(0x00000000210c0000,0x00000000211c0000)]
  0x00000000192db000 JavaThread "Cache worker for file content cache (C:\Users\Tshepo Koka\.gradle\caches\4.10.1\fileContent)" [_thread_blocked, id=11844, stack(0x00000000203c0000,0x00000000204c0000)]
  0x00000000192de000 JavaThread "Memory manager" [_thread_blocked, id=11736, stack(0x000000001f010000,0x000000001f110000)]
  0x000000001a948800 JavaThread "Cache worker for Artifact transforms cache (C:\Users\Tshepo Koka\.gradle\caches\transforms-1)" [_thread_blocked, id=6156, stack(0x000000001d840000,0x000000001d940000)]
  0x000000001a949000 JavaThread "Cache worker for journal cache (C:\Users\Tshepo Koka\.gradle\caches\journal-1)" [_thread_blocked, id=9128, stack(0x000000001cf30000,0x000000001d030000)]
  0x0000000017aa4800 JavaThread "File lock request listener" [_thread_in_native, id=8504, stack(0x000000001b8b0000,0x000000001b9b0000)]
  0x0000000017a94000 JavaThread "Cache worker for file hash cache (C:\Users\Tshepo Koka\.gradle\caches\4.10.1\fileHashes)" [_thread_blocked, id=5756, stack(0x000000001b7b0000,0x000000001b8b0000)]
  0x00000000186e4800 JavaThread "Daemon periodic checks" [_thread_blocked, id=13260, stack(0x0000000019ce0000,0x0000000019de0000)]
  0x00000000186e2000 JavaThread "Incoming local TCP Connector on port 57300" [_thread_in_native, id=11664, stack(0x0000000019aa0000,0x0000000019ba0000)]
  0x00000000165af000 JavaThread "Service Thread" daemon [_thread_blocked, id=6208, stack(0x0000000017790000,0x0000000017890000)]
  0x000000001656e000 JavaThread "C1 CompilerThread1" daemon [_thread_blocked, id=648, stack(0x0000000017690000,0x0000000017790000)]
=>0x000000001656b000 JavaThread "C2 CompilerThread0" daemon [_thread_in_native, id=8772, stack(0x0000000017590000,0x0000000017690000)]
  0x0000000016569800 JavaThread "Attach Listener" daemon [_thread_blocked, id=5236, stack(0x0000000017490000,0x0000000017590000)]
  0x0000000016564800 JavaThread "Signal Dispatcher" daemon [_thread_blocked, id=5420, stack(0x0000000017390000,0x0000000017490000)]
  0x0000000016557800 JavaThread "Finalizer" daemon [_thread_blocked, id=10776, stack(0x00000000171a0000,0x00000000172a0000)]
  0x0000000002e2e000 JavaThread "Reference Handler" daemon [_thread_blocked, id=5360, stack(0x00000000170a0000,0x00000000171a0000)]
  0x0000000002d3d800 JavaThread "main" [_thread_blocked, id=11972, stack(0x0000000002b50000,0x0000000002c50000)]

Other Threads:
  0x0000000016536000 VMThread [stack: 0x0000000016fa0000,0x00000000170a0000] [id=12856]
  0x00000000165b2000 WatcherThread [stack: 0x0000000017890000,0x0000000017990000] [id=10612]

VM state:not at safepoint (normal execution)

VM Mutex/Monitor currently owned by a thread: None

Heap:
 PSYoungGen      total 192000K, used 39851K [0x00000000e0000000, 0x00000000ef100000, 0x0000000100000000)
  eden space 165376K, 18% used [0x00000000e0000000,0x00000000e1e3de88,0x00000000ea180000)
  from space 26624K, 33% used [0x00000000ea180000,0x00000000eaa2cd80,0x00000000ebb80000)
  to   space 25088K, 0% used [0x00000000ed880000,0x00000000ed880000,0x00000000ef100000)
 ParOldGen       total 84480K, used 57927K [0x00000000a0000000, 0x00000000a5280000, 0x00000000e0000000)
  object space 84480K, 68% used [0x00000000a0000000,0x00000000a3891f88,0x00000000a5280000)
 Metaspace       used 70752K, capacity 72736K, committed 72920K, reserved 1112064K
  class space    used 9171K, capacity 9639K, committed 9728K, reserved 1048576K

Card table byte_map: [0x0000000012200000,0x0000000012510000] byte_map_base: 0x0000000011d00000

Marking Bits: (ParMarkBitMap*) 0x000000005c155aa0
 Begin Bits: [0x0000000012910000, 0x0000000014110000)
 End Bits:   [0x0000000014110000, 0x0000000015910000)

Polling page: 0x0000000001110000

CodeCache: size=245760Kb used=35390Kb max_used=35390Kb free=210369Kb
 bounds [0x0000000002e40000, 0x0000000005100000, 0x0000000011e40000]
 total_blobs=11265 nmethods=10443 adapters=735
 compilation: enabled

Compilation events (10 events):
Event: 849.714 Thread 0x000000001656e000 12703       2       com.sun.tools.javac.util.Options::get (12 bytes)
Event: 849.715 Thread 0x000000001656e000 nmethod 12703 0x00000000050d9190 code [0x00000000050d9320, 0x00000000050d9588]
Event: 849.720 Thread 0x000000001656e000 12704       2       com.sun.tools.javac.tree.TreeInfo::fullName (84 bytes)
Event: 849.721 Thread 0x000000001656e000 nmethod 12704 0x00000000050f70d0 code [0x00000000050f72a0, 0x00000000050f7718]
Event: 849.727 Thread 0x000000001656e000 12705       2       com.sun.tools.javac.file.BaseFileObject::removeExtension (23 bytes)
Event: 849.727 Thread 0x000000001656e000 nmethod 12705 0x00000000050f7b50 code [0x00000000050f7cc0, 0x00000000050f7e98]
Event: 849.728 Thread 0x000000001656e000 12706       1       com.sun.tools.javac.file.Locations$SimpleLocationHandler::getLocation (5 bytes)
Event: 849.728 Thread 0x000000001656e000 nmethod 12706 0x00000000050f8050 code [0x00000000050f81a0, 0x00000000050f82b0]
Event: 849.743 Thread 0x000000001656e000 12708       2       com.sun.tools.javac.file.RegularFileObject::<init> (38 bytes)
Event: 849.744 Thread 0x000000001656e000 nmethod 12708 0x00000000050f8310 code [0x00000000050f8480, 0x00000000050f8718]

GC Heap History (10 events):
Event: 76.619 GC heap before
{Heap before GC invocations=18 (full 3):
 PSYoungGen      total 130048K, used 1953K [0x00000000e0000000, 0x00000000ead80000, 0x0000000100000000)
  eden space 110592K, 0% used [0x00000000e0000000,0x00000000e0000000,0x00000000e6c00000)
  from space 19456K, 10% used [0x00000000e6c00000,0x00000000e6de85c0,0x00000000e7f00000)
  to   space 18944K, 0% used [0x00000000e9b00000,0x00000000e9b00000,0x00000000ead80000)
 ParOldGen       total 53760K, used 37238K [0x00000000a0000000, 0x00000000a3480000, 0x00000000e0000000)
  object space 53760K, 69% used [0x00000000a0000000,0x00000000a245d998,0x00000000a3480000)
 Metaspace       used 57160K, capacity 58856K, committed 58968K, reserved 1099776K
  class space    used 7856K, capacity 8267K, committed 8320K, reserved 1048576K
Event: 77.139 GC heap after
Heap after GC invocations=18 (full 3):
 PSYoungGen      total 130048K, used 0K [0x00000000e0000000, 0x00000000ead80000, 0x0000000100000000)
  eden space 110592K, 0% used [0x00000000e0000000,0x00000000e0000000,0x00000000e6c00000)
  from space 19456K, 0% used [0x00000000e6c00000,0x00000000e6c00000,0x00000000e7f00000)
  to   space 18944K, 0% used [0x00000000e9b00000,0x00000000e9b00000,0x00000000ead80000)
 ParOldGen       total 84480K, used 30306K [0x00000000a0000000, 0x00000000a5280000, 0x00000000e0000000)
  object space 84480K, 35% used [0x00000000a0000000,0x00000000a1d98bf8,0x00000000a5280000)
 Metaspace       used 57160K, capacity 58856K, committed 58968K, reserved 1099776K
  class space    used 7856K, capacity 8267K, committed 8320K, reserved 1048576K
}
Event: 91.300 GC heap before
{Heap before GC invocations=19 (full 3):
 PSYoungGen      total 130048K, used 110592K [0x00000000e0000000, 0x00000000ead80000, 0x0000000100000000)
  eden space 110592K, 100% used [0x00000000e0000000,0x00000000e6c00000,0x00000000e6c00000)
  from space 19456K, 0% used [0x00000000e6c00000,0x00000000e6c00000,0x00000000e7f00000)
  to   space 18944K, 0% used [0x00000000e9b00000,0x00000000e9b00000,0x00000000ead80000)
 ParOldGen       total 84480K, used 30306K [0x00000000a0000000, 0x00000000a5280000, 0x00000000e0000000)
  object space 84480K, 35% used [0x00000000a0000000,0x00000000a1d98bf8,0x00000000a5280000)
 Metaspace       used 63273K, capacity 64846K, committed 65240K, reserved 1105920K
  class space    used 8444K, capacity 8852K, committed 8960K, reserved 1048576K
Event: 91.447 GC heap after
Heap after GC invocations=19 (full 3):
 PSYoungGen      total 155648K, used 18251K [0x00000000e0000000, 0x00000000eb200000, 0x0000000100000000)
  eden space 136704K, 0% used [0x00000000e0000000,0x00000000e0000000,0x00000000e8580000)
  from space 18944K, 96% used [0x00000000e9b00000,0x00000000eacd2f68,0x00000000ead80000)
  to   space 22016K, 0% used [0x00000000e8580000,0x00000000e8580000,0x00000000e9b00000)
 ParOldGen       total 84480K, used 30314K [0x00000000a0000000, 0x00000000a5280000, 0x00000000e0000000)
  object space 84480K, 35% used [0x00000000a0000000,0x00000000a1d9abf8,0x00000000a5280000)
 Metaspace       used 63273K, capacity 64846K, committed 65240K, reserved 1105920K
  class space    used 8444K, capacity 8852K, committed 8960K, reserved 1048576K
}
Event: 98.843 GC heap before
{Heap before GC invocations=20 (full 3):
 PSYoungGen      total 155648K, used 154955K [0x00000000e0000000, 0x00000000eb200000, 0x0000000100000000)
  eden space 136704K, 100% used [0x00000000e0000000,0x00000000e8580000,0x00000000e8580000)
  from space 18944K, 96% used [0x00000000e9b00000,0x00000000eacd2f68,0x00000000ead80000)
  to   space 22016K, 0% used [0x00000000e8580000,0x00000000e8580000,0x00000000e9b00000)
 ParOldGen       total 84480K, used 30314K [0x00000000a0000000, 0x00000000a5280000, 0x00000000e0000000)
  object space 84480K, 35% used [0x00000000a0000000,0x00000000a1d9abf8,0x00000000a5280000)
 Metaspace       used 65359K, capacity 66896K, committed 67160K, reserved 1107968K
  class space    used 8570K, capacity 8981K, committed 9088K, reserved 1048576K
Event: 98.983 GC heap after
Heap after GC invocations=20 (full 3):
 PSYoungGen      total 158720K, used 21986K [0x00000000e0000000, 0x00000000ed700000, 0x0000000100000000)
  eden space 136704K, 0% used [0x00000000e0000000,0x00000000e0000000,0x00000000e8580000)
  from space 22016K, 99% used [0x00000000e8580000,0x00000000e9af8b48,0x00000000e9b00000)
  to   space 28160K, 0% used [0x00000000ebb80000,0x00000000ebb80000,0x00000000ed700000)
 ParOldGen       total 84480K, used 36615K [0x00000000a0000000, 0x00000000a5280000, 0x00000000e0000000)
  object space 84480K, 43% used [0x00000000a0000000,0x00000000a23c1fd0,0x00000000a5280000)
 Metaspace       used 65359K, capacity 66896K, committed 67160K, reserved 1107968K
  class space    used 8570K, capacity 8981K, committed 9088K, reserved 1048576K
}
Event: 102.519 GC heap before
{Heap before GC invocations=21 (full 3):
 PSYoungGen      total 158720K, used 157951K [0x00000000e0000000, 0x00000000ed700000, 0x0000000100000000)
  eden space 136704K, 99% used [0x00000000e0000000,0x00000000e84c7460,0x00000000e8580000)
  from space 22016K, 99% used [0x00000000e8580000,0x00000000e9af8b48,0x00000000e9b00000)
  to   space 28160K, 0% used [0x00000000ebb80000,0x00000000ebb80000,0x00000000ed700000)
 ParOldGen       total 84480K, used 36615K [0x00000000a0000000, 0x00000000a5280000, 0x00000000e0000000)
  object space 84480K, 43% used [0x00000000a0000000,0x00000000a23c1fd0,0x00000000a5280000)
 Metaspace       used 66403K, capacity 68078K, committed 68312K, reserved 1107968K
  class space    used 8699K, capacity 9106K, committed 9216K, reserved 1048576K
Event: 102.592 GC heap after
Heap after GC invocations=21 (full 3):
 PSYoungGen      total 193024K, used 9463K [0x00000000e0000000, 0x00000000ed680000, 0x0000000100000000)
  eden space 165376K, 0% used [0x00000000e0000000,0x00000000e0000000,0x00000000ea180000)
  from space 27648K, 34% used [0x00000000ebb80000,0x00000000ec4bdfd0,0x00000000ed680000)
  to   space 26624K, 0% used [0x00000000ea180000,0x00000000ea180000,0x00000000ebb80000)
 ParOldGen       total 84480K, used 51444K [0x00000000a0000000, 0x00000000a5280000, 0x00000000e0000000)
  object space 84480K, 60% used [0x00000000a0000000,0x00000000a323d2b8,0x00000000a5280000)
 Metaspace       used 66403K, capacity 68078K, committed 68312K, reserved 1107968K
  class space    used 8699K, capacity 9106K, committed 9216K, reserved 1048576K
}
Event: 840.777 GC heap before
{Heap before GC invocations=22 (full 3):
 PSYoungGen      total 193024K, used 174839K [0x00000000e0000000, 0x00000000ed680000, 0x0000000100000000)
  eden space 165376K, 100% used [0x00000000e0000000,0x00000000ea180000,0x00000000ea180000)
  from space 27648K, 34% used [0x00000000ebb80000,0x00000000ec4bdfd0,0x00000000ed680000)
  to   space 26624K, 0% used [0x00000000ea180000,0x00000000ea180000,0x00000000ebb80000)
 ParOldGen       total 84480K, used 51444K [0x00000000a0000000, 0x00000000a5280000, 0x00000000e0000000)
  object space 84480K, 60% used [0x00000000a0000000,0x00000000a323d2b8,0x00000000a5280000)
 Metaspace       used 70334K, capacity 72218K, committed 72280K, reserved 1112064K
  class space    used 9127K, capacity 9574K, committed 9600K, reserved 1048576K
Event: 840.845 GC heap after
Heap after GC invocations=22 (full 3):
 PSYoungGen      total 192000K, used 8883K [0x00000000e0000000, 0x00000000ef100000, 0x0000000100000000)
  eden space 165376K, 0% used [0x00000000e0000000,0x00000000e0000000,0x00000000ea180000)
  from space 26624K, 33% used [0x00000000ea180000,0x00000000eaa2cd80,0x00000000ebb80000)
  to   space 25088K, 0% used [0x00000000ed880000,0x00000000ed880000,0x00000000ef100000)
 ParOldGen       total 84480K, used 57927K [0x00000000a0000000, 0x00000000a5280000, 0x00000000e0000000)
  object space 84480K, 68% used [0x00000000a0000000,0x00000000a3891f88,0x00000000a5280000)
 Metaspace       used 70334K, capacity 72218K, committed 72280K, reserved 1112064K
  class space    used 9127K, capacity 9574K, committed 9600K, reserved 1048576K
}

Deoptimization events (10 events):
Event: 845.948 Thread 0x000000001c1d0800 Uncommon trap: reason=unstable_if action=reinterpret pc=0x0000000005021d20 method=org.gradle.api.specs.OrSpec.isSatisfiedBy(Ljava/lang/Object;)Z @ 42
Event: 845.953 Thread 0x000000001c1d0800 Uncommon trap: reason=class_check action=maybe_recompile pc=0x0000000003266c30 method=org.gradle.api.internal.file.pattern.PatternMatcherFactory$PathMatcherBackedSpec.isSatisfiedBy(Lorg/gradle/api/file/RelativePath;)Z @ 23
Event: 845.953 Thread 0x000000001c1d0800 Uncommon trap: reason=class_check action=maybe_recompile pc=0x0000000005053a38 method=org.gradle.api.internal.file.pattern.FixedStepPathMatcher.matches([Ljava/lang/String;I)Z @ 48
Event: 845.953 Thread 0x000000001c1d0800 Uncommon trap: reason=class_check action=maybe_recompile pc=0x0000000005053a38 method=org.gradle.api.internal.file.pattern.FixedStepPathMatcher.matches([Ljava/lang/String;I)Z @ 48
Event: 845.953 Thread 0x000000001c1d0800 Uncommon trap: reason=class_check action=maybe_recompile pc=0x0000000005053a38 method=org.gradle.api.internal.file.pattern.FixedStepPathMatcher.matches([Ljava/lang/String;I)Z @ 48
Event: 845.953 Thread 0x000000001c1d0800 Uncommon trap: reason=class_check action=maybe_recompile pc=0x0000000005053a38 method=org.gradle.api.internal.file.pattern.FixedStepPathMatcher.matches([Ljava/lang/String;I)Z @ 48
Event: 845.953 Thread 0x000000001c1d0800 Uncommon trap: reason=class_check action=maybe_recompile pc=0x0000000003266c30 method=org.gradle.api.internal.file.pattern.PatternMatcherFactory$PathMatcherBackedSpec.isSatisfiedBy(Lorg/gradle/api/file/RelativePath;)Z @ 23
Event: 845.953 Thread 0x000000001c1d0800 Uncommon trap: reason=class_check action=maybe_recompile pc=0x0000000003016118 method=org.gradle.api.internal.file.pattern.PatternMatcherFactory$PathMatcherBackedSpec.isSatisfiedBy(Lorg/gradle/api/file/RelativePath;)Z @ 23
Event: 845.965 Thread 0x000000001c1d0800 Uncommon trap: reason=unstable_if action=reinterpret pc=0x0000000003296178 method=org.gradle.api.internal.file.pattern.FixedStepPathMatcher.matches([Ljava/lang/String;I)Z @ 10
Event: 849.553 Thread 0x000000001c1d0800 Uncommon trap: reason=array_check action=maybe_recompile pc=0x0000000004ffd704 method=java.util.ComparableTimSort.binarySort([Ljava/lang/Object;III)V @ 215

Classes redefined (0 events):
No events

Internal exceptions (10 events):
Event: 836.321 Thread 0x000000001c1d0800 Exception <a 'sun/nio/fs/WindowsException'> (0x00000000e9711ba8) thrown at [D:\src\AOSP-openjdk-cygwin\jdk8u\hotspot\src\share\vm\prims\jni.cpp, line 709]
Event: 836.321 Thread 0x000000001c1d0800 Exception <a 'sun/nio/fs/WindowsException'> (0x00000000e9712940) thrown at [D:\src\AOSP-openjdk-cygwin\jdk8u\hotspot\src\share\vm\prims\jni.cpp, line 709]
Event: 836.323 Thread 0x000000001c1d0800 Exception <a 'sun/nio/fs/WindowsException'> (0x00000000e97169c0) thrown at [D:\src\AOSP-openjdk-cygwin\jdk8u\hotspot\src\share\vm\prims\jni.cpp, line 709]
Event: 836.324 Thread 0x000000001c1d0800 Exception <a 'sun/nio/fs/WindowsException'> (0x00000000e9717730) thrown at [D:\src\AOSP-openjdk-cygwin\jdk8u\hotspot\src\share\vm\prims\jni.cpp, line 709]
Event: 836.327 Thread 0x000000001c1d0800 Exception <a 'sun/nio/fs/WindowsException'> (0x00000000e97198b0) thrown at [D:\src\AOSP-openjdk-cygwin\jdk8u\hotspot\src\share\vm\prims\jni.cpp, line 709]
Event: 836.327 Thread 0x000000001c1d0800 Exception <a 'sun/nio/fs/WindowsException'> (0x00000000e971a658) thrown at [D:\src\AOSP-openjdk-cygwin\jdk8u\hotspot\src\share\vm\prims\jni.cpp, line 709]
Event: 836.353 Thread 0x000000001c1d0800 Exception <a 'sun/nio/fs/WindowsException'> (0x00000000e971eba0) thrown at [D:\src\AOSP-openjdk-cygwin\jdk8u\hotspot\src\share\vm\prims\jni.cpp, line 709]
Event: 836.353 Thread 0x000000001c1d0800 Exception <a 'sun/nio/fs/WindowsException'> (0x00000000e971f8f8) thrown at [D:\src\AOSP-openjdk-cygwin\jdk8u\hotspot\src\share\vm\prims\jni.cpp, line 709]
Event: 836.355 Thread 0x000000001c1d0800 Exception <a 'sun/nio/fs/WindowsException'> (0x00000000e9721a50) thrown at [D:\src\AOSP-openjdk-cygwin\jdk8u\hotspot\src\share\vm\prims\jni.cpp, line 709]
Event: 836.355 Thread 0x000000001c1d0800 Exception <a 'sun/nio/fs/WindowsException'> (0x00000000e97227e8) thrown at [D:\src\AOSP-openjdk-cygwin\jdk8u\hotspot\src\share\vm\prims\jni.cpp, line 709]

Events (10 events):
Event: 849.400 Executing VM operation: RevokeBias done
Event: 849.553 Thread 0x000000001c1d0800 Uncommon trap: trap_request=0xffffffd6 fr.pc=0x0000000004ffd704
Event: 849.553 Thread 0x000000001c1d0800 DEOPT PACKING pc=0x0000000004ffd704 sp=0x0000000023589380
Event: 849.554 Thread 0x000000001c1d0800 DEOPT UNPACKING pc=0x0000000002e8557b sp=0x0000000023589328 mode 2
Event: 849.556 Thread 0x000000001c1d0800 DEOPT PACKING pc=0x00000000050d9e14 sp=0x0000000023589390
Event: 849.556 Thread 0x000000001c1d0800 DEOPT UNPACKING pc=0x0000000002e871d0 sp=0x00000000235890b0 mode 0
Event: 849.560 Thread 0x000000001c1d0800 DEOPT PACKING pc=0x00000000050d9e14 sp=0x0000000023589390
Event: 849.560 Thread 0x000000001c1d0800 DEOPT UNPACKING pc=0x0000000002e871d0 sp=0x00000000235890b0 mode 0
Event: 849.683 Thread 0x000000001c1d0800 DEOPT PACKING pc=0x00000000050d9e14 sp=0x0000000023589390
Event: 849.683 Thread 0x000000001c1d0800 DEOPT UNPACKING pc=0x0000000002e871d0 sp=0x00000000235890b0 mode 0


Dynamic libraries:
0x00007ff6a8f80000 - 0x00007ff6a8fb1000 	C:\Program Files\Android\Android Studio\jre\bin\java.exe
0x00007ffd654b0000 - 0x00007ffd65691000 	C:\WINDOWS\SYSTEM32\ntdll.dll
0x00007ffd62960000 - 0x00007ffd62a12000 	C:\WINDOWS\System32\KERNEL32.DLL
0x00007ffd62470000 - 0x00007ffd626e3000 	C:\WINDOWS\System32\KERNELBASE.dll
0x00007ffd62bb0000 - 0x00007ffd62c51000 	C:\WINDOWS\System32\ADVAPI32.dll
0x00007ffd633e0000 - 0x00007ffd6347e000 	C:\WINDOWS\System32\msvcrt.dll
0x00007ffd63480000 - 0x00007ffd634db000 	C:\WINDOWS\System32\sechost.dll
0x00007ffd630a0000 - 0x00007ffd631c4000 	C:\WINDOWS\System32\RPCRT4.dll
0x00007ffd62a20000 - 0x00007ffd62bb0000 	C:\WINDOWS\System32\USER32.dll
0x00007ffd61ff0000 - 0x00007ffd62010000 	C:\WINDOWS\System32\win32u.dll
0x00007ffd63b10000 - 0x00007ffd63b38000 	C:\WINDOWS\System32\GDI32.dll
0x00007ffd626f0000 - 0x00007ffd62882000 	C:\WINDOWS\System32\gdi32full.dll
0x00007ffd62010000 - 0x00007ffd620af000 	C:\WINDOWS\System32\msvcp_win.dll
0x00007ffd62320000 - 0x00007ffd62418000 	C:\WINDOWS\System32\ucrtbase.dll
0x00007ffd4e320000 - 0x00007ffd4e589000 	C:\WINDOWS\WinSxS\amd64_microsoft.windows.common-controls_6595b64144ccf1df_6.0.17134.648_none_fb45a0e93062a6d2\COMCTL32.dll
0x00007ffd62d50000 - 0x00007ffd63072000 	C:\WINDOWS\System32\combase.dll
0x00007ffd622a0000 - 0x00007ffd6231a000 	C:\WINDOWS\System32\bcryptPrimitives.dll
0x00007ffd62d20000 - 0x00007ffd62d4d000 	C:\WINDOWS\System32\IMM32.DLL
0x000000005d170000 - 0x000000005d242000 	C:\Program Files\Android\Android Studio\jre\jre\bin\msvcr100.dll
0x000000005b990000 - 0x000000005c1d1000 	C:\Program Files\Android\Android Studio\jre\jre\bin\server\jvm.dll
0x00007ffd62c60000 - 0x00007ffd62c68000 	C:\WINDOWS\System32\PSAPI.DLL
0x00007ffd59010000 - 0x00007ffd59019000 	C:\WINDOWS\SYSTEM32\WSOCK32.dll
0x00007ffd5e550000 - 0x00007ffd5e573000 	C:\WINDOWS\SYSTEM32\WINMM.dll
0x00007ffd54ed0000 - 0x00007ffd54eda000 	C:\WINDOWS\SYSTEM32\VERSION.dll
0x00007ffd5e520000 - 0x00007ffd5e54a000 	C:\WINDOWS\SYSTEM32\winmmbase.dll
0x00007ffd62420000 - 0x00007ffd62469000 	C:\WINDOWS\System32\cfgmgr32.dll
0x00007ffd63370000 - 0x00007ffd633dc000 	C:\WINDOWS\System32\WS2_32.dll
0x00007ffd58fd0000 - 0x00007ffd58fdf000 	C:\Program Files\Android\Android Studio\jre\jre\bin\verify.dll
0x00007ffd54d80000 - 0x00007ffd54da9000 	C:\Program Files\Android\Android Studio\jre\jre\bin\java.dll
0x00007ffd58f00000 - 0x00007ffd58f16000 	C:\Program Files\Android\Android Studio\jre\jre\bin\zip.dll
0x00007ffd63c10000 - 0x00007ffd65050000 	C:\WINDOWS\System32\SHELL32.dll
0x00007ffd62c70000 - 0x00007ffd62d19000 	C:\WINDOWS\System32\shcore.dll
0x00007ffd618e0000 - 0x00007ffd61fed000 	C:\WINDOWS\System32\windows.storage.dll
0x00007ffd63660000 - 0x00007ffd636b1000 	C:\WINDOWS\System32\shlwapi.dll
0x00007ffd61840000 - 0x00007ffd61851000 	C:\WINDOWS\System32\kernel.appcore.dll
0x00007ffd61860000 - 0x00007ffd6187f000 	C:\WINDOWS\System32\profapi.dll
0x00007ffd617d0000 - 0x00007ffd6181c000 	C:\WINDOWS\System32\powrprof.dll
0x00007ffd617c0000 - 0x00007ffd617ca000 	C:\WINDOWS\System32\FLTLIB.DLL
0x00007ffd555c0000 - 0x00007ffd555da000 	C:\Program Files\Android\Android Studio\jre\jre\bin\net.dll
0x00007ffd60fe0000 - 0x00007ffd61046000 	C:\WINDOWS\system32\mswsock.dll
0x00007ffd54e30000 - 0x00007ffd54e41000 	C:\Program Files\Android\Android Studio\jre\jre\bin\nio.dll
0x00007ffd4f9b0000 - 0x00007ffd4f9ce000 	C:\Users\Tshepo Koka\.gradle\native\25\windows-amd64\native-platform.dll
0x00007ffd58f50000 - 0x00007ffd58f5d000 	C:\Program Files\Android\Android Studio\jre\jre\bin\management.dll
0x00007ffd61190000 - 0x00007ffd611a7000 	C:\WINDOWS\SYSTEM32\CRYPTSP.dll
0x00007ffd60bc0000 - 0x00007ffd60bf3000 	C:\WINDOWS\system32\rsaenh.dll
0x00007ffd612c0000 - 0x00007ffd612e5000 	C:\WINDOWS\SYSTEM32\bcrypt.dll
0x00007ffd616c0000 - 0x00007ffd616e8000 	C:\WINDOWS\SYSTEM32\USERENV.dll
0x00007ffd611b0000 - 0x00007ffd611bb000 	C:\WINDOWS\SYSTEM32\CRYPTBASE.dll
0x00007ffd60d60000 - 0x00007ffd60d98000 	C:\WINDOWS\SYSTEM32\IPHLPAPI.DLL
0x00007ffd62940000 - 0x00007ffd62948000 	C:\WINDOWS\System32\NSI.dll
0x00007ffd5a460000 - 0x00007ffd5a476000 	C:\WINDOWS\SYSTEM32\dhcpcsvc6.DLL
0x00007ffd5a530000 - 0x00007ffd5a54a000 	C:\WINDOWS\SYSTEM32\dhcpcsvc.DLL

VM Arguments:
jvm_args: -Xmx1536M -Dfile.encoding=windows-1252 -Duser.country=ZA -Duser.language=en -Duser.variant 
java_command: org.gradle.launcher.daemon.bootstrap.GradleDaemon 4.10.1
java_class_path (initial): C:\Users\Tshepo Koka\.gradle\wrapper\dists\gradle-4.10.1-all\455itskqi2qtf0v2sja68alqd\gradle-4.10.1\lib\gradle-launcher-4.10.1.jar
Launcher Type: SUN_STANDARD

Environment Variables:
PATH=C:\Program Files (x86)\Lenovo\FusionEngine;C:\Program Files (x86)\Intel\TXE Components\TCS\;C:\Program Files\Intel\TXE Components\TCS\;C:\WINDOWS\system32;C:\WINDOWS;C:\WINDOWS\System32\Wbem;C:\WINDOWS\System32\WindowsPowerShell\v1.0\;;C:\WINDOWS\System32\OpenSSH\;C:\Users\Tshepo Koka\AppData\Local\Microsoft\WindowsApps;
USERNAME=Tshepo Koka
OS=Windows_NT
PROCESSOR_IDENTIFIER=Intel64 Family 6 Model 55 Stepping 8, GenuineIntel



---------------  S Y S T E M  ---------------

OS: Windows 10.0 , 64 bit Build 17134 (10.0.17134.648)

CPU:total 2 (initial active 2) (2 cores per cpu, 1 threads per core) family 6 model 55 stepping 8, cmov, cx8, fxsr, mmx, sse, sse2, sse3, ssse3, sse4.1, sse4.2, popcnt, clmul, erms, 3dnowpref, tsc, tscinvbit

Memory: 4k page, physical 4074700k(332908k free), swap 16657612k(5196k free)

vm_info: OpenJDK 64-Bit Server VM (25.152-b01) for windows-amd64 JRE (1.8.0_152-release-1248-b01), built by "builder" with MS VC++ 10.0 (VS2010)

time: Thu Apr 04 14:56:47 2019
elapsed time: 849 seconds (0d 0h 14m 9s)

